<?xml version="1.0" encoding="UTF-8"?>
<testng-results ignored="0" total="5" passed="5" failed="0" skipped="0">
  <reporter-output>
  </reporter-output>
  <suite started-at="2023-03-21T00:36:06 IST" name="Docker" finished-at="2023-03-21T00:36:18 IST" duration-ms="11432">
    <groups>
    </groups>
    <test started-at="2023-03-21T00:36:06 IST" name="Google1" finished-at="2023-03-21T00:36:10 IST" duration-ms="3326">
      <class name="testcase.GoogleHomeTest">
        <test-method is-config="true" signature="setup()[pri:0, instance:testcase.GoogleHomeTest@25d250c6]" started-at="2023-03-21T00:36:06 IST" name="setup" finished-at="2023-03-21T00:36:09 IST" duration-ms="3126" status="PASS">
          <reporter-output>
          </reporter-output>
        </test-method> <!-- setup -->
        <test-method signature="getCountry(java.lang.String)[pri:0, instance:testcase.GoogleHomeTest@25d250c6]" started-at="2023-03-21T00:36:10 IST" name="getCountry" finished-at="2023-03-21T00:36:10 IST" duration-ms="79" status="PASS">
          <params>
            <param index="0">
              <value>
                <![CDATA[manisha]]>
              </value>
            </param>
          </params>
          <reporter-output>
          </reporter-output>
        </test-method> <!-- getCountry -->
        <test-method is-config="true" signature="quitDriver()[pri:0, instance:testcase.GoogleHomeTest@25d250c6]" started-at="2023-03-21T00:36:10 IST" name="quitDriver" finished-at="2023-03-21T00:36:10 IST" duration-ms="61" status="PASS">
          <reporter-output>
          </reporter-output>
        </test-method> <!-- quitDriver -->
      </class> <!-- testcase.GoogleHomeTest -->
    </test> <!-- Google1 -->
    <test started-at="2023-03-21T00:36:06 IST" name="Google2" finished-at="2023-03-21T00:36:12 IST" duration-ms="5316">
      <class name="testcase.GoogleHomeTest">
        <test-method is-config="true" signature="setup()[pri:0, instance:testcase.GoogleHomeTest@54c562f7]" started-at="2023-03-21T00:36:06 IST" name="setup" finished-at="2023-03-21T00:36:12 IST" duration-ms="5151" status="PASS">
          <reporter-output>
          </reporter-output>
        </test-method> <!-- setup -->
        <test-method signature="getCountry(java.lang.String)[pri:0, instance:testcase.GoogleHomeTest@54c562f7]" started-at="2023-03-21T00:36:12 IST" name="getCountry" finished-at="2023-03-21T00:36:12 IST" duration-ms="84" status="PASS">
          <params>
            <param index="0">
              <value>
                <![CDATA[manisha]]>
              </value>
            </param>
          </params>
          <reporter-output>
          </reporter-output>
        </test-method> <!-- getCountry -->
        <test-method is-config="true" signature="quitDriver()[pri:0, instance:testcase.GoogleHomeTest@54c562f7]" started-at="2023-03-21T00:36:12 IST" name="quitDriver" finished-at="2023-03-21T00:36:12 IST" duration-ms="61" status="PASS">
          <reporter-output>
          </reporter-output>
        </test-method> <!-- quitDriver -->
      </class> <!-- testcase.GoogleHomeTest -->
    </test> <!-- Google2 -->
    <test started-at="2023-03-21T00:36:06 IST" name="Google3" finished-at="2023-03-21T00:36:14 IST" duration-ms="7331">
      <class name="testcase.GoogleHomeTest">
        <test-method is-config="true" signature="setup()[pri:0, instance:testcase.GoogleHomeTest@43301423]" started-at="2023-03-21T00:36:06 IST" name="setup" finished-at="2023-03-21T00:36:14 IST" duration-ms="7191" status="PASS">
          <reporter-output>
          </reporter-output>
        </test-method> <!-- setup -->
        <test-method signature="getCountry(java.lang.String)[pri:0, instance:testcase.GoogleHomeTest@43301423]" started-at="2023-03-21T00:36:14 IST" name="getCountry" finished-at="2023-03-21T00:36:14 IST" duration-ms="56" status="PASS">
          <params>
            <param index="0">
              <value>
                <![CDATA[manisha]]>
              </value>
            </param>
          </params>
          <reporter-output>
          </reporter-output>
        </test-method> <!-- getCountry -->
        <test-method is-config="true" signature="quitDriver()[pri:0, instance:testcase.GoogleHomeTest@43301423]" started-at="2023-03-21T00:36:14 IST" name="quitDriver" finished-at="2023-03-21T00:36:14 IST" duration-ms="63" status="PASS">
          <reporter-output>
          </reporter-output>
        </test-method> <!-- quitDriver -->
      </class> <!-- testcase.GoogleHomeTest -->
    </test> <!-- Google3 -->
    <test started-at="2023-03-21T00:36:06 IST" name="Google5" finished-at="2023-03-21T00:36:16 IST" duration-ms="9302">
      <class name="testcase.GoogleHomeTest">
        <test-method is-config="true" signature="setup()[pri:0, instance:testcase.GoogleHomeTest@56a6d5a6]" started-at="2023-03-21T00:36:06 IST" name="setup" finished-at="2023-03-21T00:36:16 IST" duration-ms="9162" status="PASS">
          <reporter-output>
          </reporter-output>
        </test-method> <!-- setup -->
        <test-method signature="getCountry(java.lang.String)[pri:0, instance:testcase.GoogleHomeTest@56a6d5a6]" started-at="2023-03-21T00:36:16 IST" name="getCountry" finished-at="2023-03-21T00:36:16 IST" duration-ms="52" status="PASS">
          <params>
            <param index="0">
              <value>
                <![CDATA[manisha]]>
              </value>
            </param>
          </params>
          <reporter-output>
          </reporter-output>
        </test-method> <!-- getCountry -->
        <test-method is-config="true" signature="quitDriver()[pri:0, instance:testcase.GoogleHomeTest@56a6d5a6]" started-at="2023-03-21T00:36:16 IST" name="quitDriver" finished-at="2023-03-21T00:36:16 IST" duration-ms="62" status="PASS">
          <reporter-output>
          </reporter-output>
        </test-method> <!-- quitDriver -->
      </class> <!-- testcase.GoogleHomeTest -->
    </test> <!-- Google5 -->
    <test started-at="2023-03-21T00:36:06 IST" name="Google" finished-at="2023-03-21T00:36:18 IST" duration-ms="11432">
      <class name="testcase.GoogleHomeTest">
        <test-method is-config="true" signature="setup()[pri:0, instance:testcase.GoogleHomeTest@6a01e23]" started-at="2023-03-21T00:36:06 IST" name="setup" finished-at="2023-03-21T00:36:18 IST" duration-ms="11289" status="PASS">
          <reporter-output>
          </reporter-output>
        </test-method> <!-- setup -->
        <test-method signature="getCountry(java.lang.String)[pri:0, instance:testcase.GoogleHomeTest@6a01e23]" started-at="2023-03-21T00:36:18 IST" name="getCountry" finished-at="2023-03-21T00:36:18 IST" duration-ms="56" status="PASS">
          <params>
            <param index="0">
              <value>
                <![CDATA[manisha]]>
              </value>
            </param>
          </params>
          <reporter-output>
          </reporter-output>
        </test-method> <!-- getCountry -->
        <test-method is-config="true" signature="quitDriver()[pri:0, instance:testcase.GoogleHomeTest@6a01e23]" started-at="2023-03-21T00:36:18 IST" name="quitDriver" finished-at="2023-03-21T00:36:18 IST" duration-ms="61" status="PASS">
          <reporter-output>
          </reporter-output>
        </test-method> <!-- quitDriver -->
      </class> <!-- testcase.GoogleHomeTest -->
    </test> <!-- Google -->
  </suite> <!-- Docker -->
</testng-results>
