<?xml version="1.0" encoding="UTF-8"?>
<testng-results ignored="0" total="5" passed="5" failed="0" skipped="0">
  <reporter-output>
  </reporter-output>
  <suite started-at="2023-03-25T15:42:34 IST" name="Docker" finished-at="2023-03-25T15:42:49 IST" duration-ms="14705">
    <groups>
    </groups>
    <test started-at="2023-03-25T15:42:34 IST" name="Google" finished-at="2023-03-25T15:42:38 IST" duration-ms="3558">
      <class name="testcase.GoogleHomeTest">
        <test-method is-config="true" signature="setup()[pri:0, instance:testcase.GoogleHomeTest@1afd44cb]" started-at="2023-03-25T15:42:34 IST" name="setup" finished-at="2023-03-25T15:42:38 IST" duration-ms="3275" status="PASS">
          <reporter-output>
          </reporter-output>
        </test-method> <!-- setup -->
        <test-method signature="getCountry(java.lang.String)[pri:0, instance:testcase.GoogleHomeTest@1afd44cb]" started-at="2023-03-25T15:42:38 IST" name="getCountry" finished-at="2023-03-25T15:42:38 IST" duration-ms="114" status="PASS">
          <params>
            <param index="0">
              <value>
                <![CDATA[manisha]]>
              </value>
            </param>
          </params>
          <reporter-output>
          </reporter-output>
        </test-method> <!-- getCountry -->
        <test-method is-config="true" signature="quitDriver()[pri:0, instance:testcase.GoogleHomeTest@1afd44cb]" started-at="2023-03-25T15:42:38 IST" name="quitDriver" finished-at="2023-03-25T15:42:38 IST" duration-ms="123" status="PASS">
          <reporter-output>
          </reporter-output>
        </test-method> <!-- quitDriver -->
      </class> <!-- testcase.GoogleHomeTest -->
    </test> <!-- Google -->
    <test started-at="2023-03-25T15:42:38 IST" name="Google5" finished-at="2023-03-25T15:42:40 IST" duration-ms="2540">
      <class name="testcase.GoogleHomeTest">
        <test-method is-config="true" signature="setup()[pri:0, instance:testcase.GoogleHomeTest@4cc451f2]" started-at="2023-03-25T15:42:38 IST" name="setup" finished-at="2023-03-25T15:42:40 IST" duration-ms="2310" status="PASS">
          <reporter-output>
          </reporter-output>
        </test-method> <!-- setup -->
        <test-method signature="getCountry(java.lang.String)[pri:0, instance:testcase.GoogleHomeTest@4cc451f2]" started-at="2023-03-25T15:42:40 IST" name="getCountry" finished-at="2023-03-25T15:42:40 IST" duration-ms="109" status="PASS">
          <params>
            <param index="0">
              <value>
                <![CDATA[manisha]]>
              </value>
            </param>
          </params>
          <reporter-output>
          </reporter-output>
        </test-method> <!-- getCountry -->
        <test-method is-config="true" signature="quitDriver()[pri:0, instance:testcase.GoogleHomeTest@4cc451f2]" started-at="2023-03-25T15:42:40 IST" name="quitDriver" finished-at="2023-03-25T15:42:40 IST" duration-ms="116" status="PASS">
          <reporter-output>
          </reporter-output>
        </test-method> <!-- quitDriver -->
      </class> <!-- testcase.GoogleHomeTest -->
    </test> <!-- Google5 -->
    <test started-at="2023-03-25T15:42:40 IST" name="Google1" finished-at="2023-03-25T15:42:43 IST" duration-ms="2541">
      <class name="testcase.GoogleHomeTest">
        <test-method is-config="true" signature="setup()[pri:0, instance:testcase.GoogleHomeTest@9f116cc]" started-at="2023-03-25T15:42:40 IST" name="setup" finished-at="2023-03-25T15:42:43 IST" duration-ms="2327" status="PASS">
          <reporter-output>
          </reporter-output>
        </test-method> <!-- setup -->
        <test-method signature="getCountry(java.lang.String)[pri:0, instance:testcase.GoogleHomeTest@9f116cc]" started-at="2023-03-25T15:42:43 IST" name="getCountry" finished-at="2023-03-25T15:42:43 IST" duration-ms="95" status="PASS">
          <params>
            <param index="0">
              <value>
                <![CDATA[manisha]]>
              </value>
            </param>
          </params>
          <reporter-output>
          </reporter-output>
        </test-method> <!-- getCountry -->
        <test-method is-config="true" signature="quitDriver()[pri:0, instance:testcase.GoogleHomeTest@9f116cc]" started-at="2023-03-25T15:42:43 IST" name="quitDriver" finished-at="2023-03-25T15:42:43 IST" duration-ms="116" status="PASS">
          <reporter-output>
          </reporter-output>
        </test-method> <!-- quitDriver -->
      </class> <!-- testcase.GoogleHomeTest -->
    </test> <!-- Google1 -->
    <test started-at="2023-03-25T15:42:43 IST" name="Google2" finished-at="2023-03-25T15:42:47 IST" duration-ms="3505">
      <class name="testcase.GoogleHomeTest">
        <test-method is-config="true" signature="setup()[pri:0, instance:testcase.GoogleHomeTest@5876a9af]" started-at="2023-03-25T15:42:43 IST" name="setup" finished-at="2023-03-25T15:42:46 IST" duration-ms="3282" status="PASS">
          <reporter-output>
          </reporter-output>
        </test-method> <!-- setup -->
        <test-method signature="getCountry(java.lang.String)[pri:0, instance:testcase.GoogleHomeTest@5876a9af]" started-at="2023-03-25T15:42:46 IST" name="getCountry" finished-at="2023-03-25T15:42:46 IST" duration-ms="104" status="PASS">
          <params>
            <param index="0">
              <value>
                <![CDATA[manisha]]>
              </value>
            </param>
          </params>
          <reporter-output>
          </reporter-output>
        </test-method> <!-- getCountry -->
        <test-method is-config="true" signature="quitDriver()[pri:0, instance:testcase.GoogleHomeTest@5876a9af]" started-at="2023-03-25T15:42:46 IST" name="quitDriver" finished-at="2023-03-25T15:42:47 IST" duration-ms="115" status="PASS">
          <reporter-output>
          </reporter-output>
        </test-method> <!-- quitDriver -->
      </class> <!-- testcase.GoogleHomeTest -->
    </test> <!-- Google2 -->
    <test started-at="2023-03-25T15:42:47 IST" name="Google3" finished-at="2023-03-25T15:42:49 IST" duration-ms="2474">
      <class name="testcase.GoogleHomeTest">
        <test-method is-config="true" signature="setup()[pri:0, instance:testcase.GoogleHomeTest@6b81ce95]" started-at="2023-03-25T15:42:47 IST" name="setup" finished-at="2023-03-25T15:42:49 IST" duration-ms="2291" status="PASS">
          <reporter-output>
          </reporter-output>
        </test-method> <!-- setup -->
        <test-method signature="getCountry(java.lang.String)[pri:0, instance:testcase.GoogleHomeTest@6b81ce95]" started-at="2023-03-25T15:42:49 IST" name="getCountry" finished-at="2023-03-25T15:42:49 IST" duration-ms="82" status="PASS">
          <params>
            <param index="0">
              <value>
                <![CDATA[manisha]]>
              </value>
            </param>
          </params>
          <reporter-output>
          </reporter-output>
        </test-method> <!-- getCountry -->
        <test-method is-config="true" signature="quitDriver()[pri:0, instance:testcase.GoogleHomeTest@6b81ce95]" started-at="2023-03-25T15:42:49 IST" name="quitDriver" finished-at="2023-03-25T15:42:49 IST" duration-ms="98" status="PASS">
          <reporter-output>
          </reporter-output>
        </test-method> <!-- quitDriver -->
      </class> <!-- testcase.GoogleHomeTest -->
    </test> <!-- Google3 -->
  </suite> <!-- Docker -->
</testng-results>
