<?xml version="1.0" encoding="UTF-8"?>
<testsuite xmlns:xsi="http://www.w3.org/2001/XMLSchema-instance" xsi:noNamespaceSchemaLocation="https://maven.apache.org/surefire/maven-surefire-plugin/xsd/surefire-test-report-3.0.xsd" version="3.0" name="TestSuite" time="15.213" tests="5" errors="0" skipped="0" failures="0">
  <properties>
[...]
</properties>
  <testcase name="getCountry[manisha](1)" classname="testcase.GoogleHomeTest" time="0.12">
    <system-out><![CDATA[India
manisha
]]></system-out>
    <system-err><![CDATA[SLF4J: Failed to load class "org.slf4j.impl.StaticLoggerBinder".
SLF4J: Defaulting to no-operation (NOP) logger implementation
SLF4J: See http://www.slf4j.org/codes.html#StaticLoggerBinder for further details.
Mar 25, 2023 3:42:34 PM org.openqa.selenium.remote.tracing.opentelemetry.OpenTelemetryTracer createTracer
INFO: Using OpenTelemetry for tracing
]]></system-err>
  </testcase>
  <testcase name="getCountry[manisha](1)" classname="testcase.GoogleHomeTest" time="0.114">
    <system-out><![CDATA[India
manisha
]]></system-out>
  </testcase>
  <testcase name="getCountry[manisha](1)" classname="testcase.GoogleHomeTest" time="0.1">
    <system-out><![CDATA[India
manisha
]]></system-out>
  </testcase>
  <testcase name="getCountry[manisha](1)" classname="testcase.GoogleHomeTest" time="0.108">
    <system-out><![CDATA[India
manisha
]]></system-out>
  </testcase>
  <testcase name="getCountry[manisha](1)" classname="testcase.GoogleHomeTest" time="0.082">
    <system-out><![CDATA[India
manisha
]]></system-out>
  </testcase>
</testsuite>