<?xml version="1.0" encoding="UTF-8"?>
<testng-results ignored="0" total="5" passed="5" failed="0" skipped="0">
  <reporter-output>
  </reporter-output>
  <suite started-at="2023-03-21T02:15:36 IST" name="Docker" finished-at="2023-03-21T02:16:05 IST" duration-ms="28383">
    <groups>
    </groups>
    <test started-at="2023-03-21T02:15:36 IST" name="Google" finished-at="2023-03-21T02:15:41 IST" duration-ms="4906">
      <class name="testcase.GoogleHomeTest">
        <test-method is-config="true" signature="setup()[pri:0, instance:testcase.GoogleHomeTest@7cc0cdad]" started-at="2023-03-21T02:15:36 IST" name="setup" finished-at="2023-03-21T02:15:41 IST" duration-ms="4498" status="PASS">
          <reporter-output>
          </reporter-output>
        </test-method> <!-- setup -->
        <test-method signature="getCountry(java.lang.String)[pri:0, instance:testcase.GoogleHomeTest@7cc0cdad]" started-at="2023-03-21T02:15:41 IST" name="getCountry" finished-at="2023-03-21T02:15:41 IST" duration-ms="139" status="PASS">
          <params>
            <param index="0">
              <value>
                <![CDATA[manisha]]>
              </value>
            </param>
          </params>
          <reporter-output>
          </reporter-output>
        </test-method> <!-- getCountry -->
        <test-method is-config="true" signature="quitDriver()[pri:0, instance:testcase.GoogleHomeTest@7cc0cdad]" started-at="2023-03-21T02:15:41 IST" name="quitDriver" finished-at="2023-03-21T02:15:41 IST" duration-ms="213" status="PASS">
          <reporter-output>
          </reporter-output>
        </test-method> <!-- quitDriver -->
      </class> <!-- testcase.GoogleHomeTest -->
    </test> <!-- Google -->
    <test started-at="2023-03-21T02:15:41 IST" name="Google5" finished-at="2023-03-21T02:15:48 IST" duration-ms="6876">
      <class name="testcase.GoogleHomeTest">
        <test-method is-config="true" signature="setup()[pri:0, instance:testcase.GoogleHomeTest@6a6cb05c]" started-at="2023-03-21T02:15:41 IST" name="setup" finished-at="2023-03-21T02:15:48 IST" duration-ms="6500" status="PASS">
          <reporter-output>
          </reporter-output>
        </test-method> <!-- setup -->
        <test-method signature="getCountry(java.lang.String)[pri:0, instance:testcase.GoogleHomeTest@6a6cb05c]" started-at="2023-03-21T02:15:48 IST" name="getCountry" finished-at="2023-03-21T02:15:48 IST" duration-ms="177" status="PASS">
          <params>
            <param index="0">
              <value>
                <![CDATA[manisha]]>
              </value>
            </param>
          </params>
          <reporter-output>
          </reporter-output>
        </test-method> <!-- getCountry -->
        <test-method is-config="true" signature="quitDriver()[pri:0, instance:testcase.GoogleHomeTest@6a6cb05c]" started-at="2023-03-21T02:15:48 IST" name="quitDriver" finished-at="2023-03-21T02:15:48 IST" duration-ms="193" status="PASS">
          <reporter-output>
          </reporter-output>
        </test-method> <!-- quitDriver -->
      </class> <!-- testcase.GoogleHomeTest -->
    </test> <!-- Google5 -->
    <test started-at="2023-03-21T02:15:48 IST" name="Google1" finished-at="2023-03-21T02:15:52 IST" duration-ms="3666">
      <class name="testcase.GoogleHomeTest">
        <test-method is-config="true" signature="setup()[pri:0, instance:testcase.GoogleHomeTest@4c402120]" started-at="2023-03-21T02:15:48 IST" name="setup" finished-at="2023-03-21T02:15:52 IST" duration-ms="3243" status="PASS">
          <reporter-output>
          </reporter-output>
        </test-method> <!-- setup -->
        <test-method signature="getCountry(java.lang.String)[pri:0, instance:testcase.GoogleHomeTest@4c402120]" started-at="2023-03-21T02:15:52 IST" name="getCountry" finished-at="2023-03-21T02:15:52 IST" duration-ms="160" status="PASS">
          <params>
            <param index="0">
              <value>
                <![CDATA[manisha]]>
              </value>
            </param>
          </params>
          <reporter-output>
          </reporter-output>
        </test-method> <!-- getCountry -->
        <test-method is-config="true" signature="quitDriver()[pri:0, instance:testcase.GoogleHomeTest@4c402120]" started-at="2023-03-21T02:15:52 IST" name="quitDriver" finished-at="2023-03-21T02:15:52 IST" duration-ms="258" status="PASS">
          <reporter-output>
          </reporter-output>
        </test-method> <!-- quitDriver -->
      </class> <!-- testcase.GoogleHomeTest -->
    </test> <!-- Google1 -->
    <test started-at="2023-03-21T02:15:52 IST" name="Google2" finished-at="2023-03-21T02:16:01 IST" duration-ms="9326">
      <class name="testcase.GoogleHomeTest">
        <test-method is-config="true" signature="setup()[pri:0, instance:testcase.GoogleHomeTest@7586beff]" started-at="2023-03-21T02:15:52 IST" name="setup" finished-at="2023-03-21T02:16:01 IST" duration-ms="8610" status="PASS">
          <reporter-output>
          </reporter-output>
        </test-method> <!-- setup -->
        <test-method signature="getCountry(java.lang.String)[pri:0, instance:testcase.GoogleHomeTest@7586beff]" started-at="2023-03-21T02:16:01 IST" name="getCountry" finished-at="2023-03-21T02:16:01 IST" duration-ms="142" status="PASS">
          <params>
            <param index="0">
              <value>
                <![CDATA[manisha]]>
              </value>
            </param>
          </params>
          <reporter-output>
          </reporter-output>
        </test-method> <!-- getCountry -->
        <test-method is-config="true" signature="quitDriver()[pri:0, instance:testcase.GoogleHomeTest@7586beff]" started-at="2023-03-21T02:16:01 IST" name="quitDriver" finished-at="2023-03-21T02:16:01 IST" duration-ms="568" status="PASS">
          <reporter-output>
          </reporter-output>
        </test-method> <!-- quitDriver -->
      </class> <!-- testcase.GoogleHomeTest -->
    </test> <!-- Google2 -->
    <test started-at="2023-03-21T02:16:01 IST" name="Google3" finished-at="2023-03-21T02:16:05 IST" duration-ms="3528">
      <class name="testcase.GoogleHomeTest">
        <test-method is-config="true" signature="setup()[pri:0, instance:testcase.GoogleHomeTest@6150c3ec]" started-at="2023-03-21T02:16:01 IST" name="setup" finished-at="2023-03-21T02:16:05 IST" duration-ms="3232" status="PASS">
          <reporter-output>
          </reporter-output>
        </test-method> <!-- setup -->
        <test-method signature="getCountry(java.lang.String)[pri:0, instance:testcase.GoogleHomeTest@6150c3ec]" started-at="2023-03-21T02:16:05 IST" name="getCountry" finished-at="2023-03-21T02:16:05 IST" duration-ms="120" status="PASS">
          <params>
            <param index="0">
              <value>
                <![CDATA[manisha]]>
              </value>
            </param>
          </params>
          <reporter-output>
          </reporter-output>
        </test-method> <!-- getCountry -->
        <test-method is-config="true" signature="quitDriver()[pri:0, instance:testcase.GoogleHomeTest@6150c3ec]" started-at="2023-03-21T02:16:05 IST" name="quitDriver" finished-at="2023-03-21T02:16:05 IST" duration-ms="170" status="PASS">
          <reporter-output>
          </reporter-output>
        </test-method> <!-- quitDriver -->
      </class> <!-- testcase.GoogleHomeTest -->
    </test> <!-- Google3 -->
  </suite> <!-- Docker -->
</testng-results>
